d:\users\sam\documents\projects\programming\collision\spatial-division-collision-detection\particlecollision\debug\vc141.pdb
d:\users\sam\documents\projects\programming\collision\spatial-division-collision-detection\particlecollision\debug\vc141.idb
d:\users\sam\documents\projects\programming\collision\spatial-division-collision-detection\particlecollision\debug\circle.obj
d:\users\sam\documents\projects\programming\collision\spatial-division-collision-detection\particlecollision\debug\cm_aabbtree.obj
d:\users\sam\documents\projects\programming\collision\spatial-division-collision-detection\particlecollision\debug\collider.obj
d:\users\sam\documents\projects\programming\collision\spatial-division-collision-detection\particlecollision\debug\cm_bruteforce.obj
d:\users\sam\documents\projects\programming\collision\spatial-division-collision-detection\particlecollision\debug\font.obj
d:\users\sam\documents\projects\programming\collision\spatial-division-collision-detection\particlecollision\debug\plane.obj
d:\users\sam\documents\projects\programming\collision\spatial-division-collision-detection\particlecollision\debug\polygon.obj
d:\users\sam\documents\projects\programming\collision\spatial-division-collision-detection\particlecollision\debug\range.obj
d:\users\sam\documents\projects\programming\collision\spatial-division-collision-detection\particlecollision\debug\rect.obj
d:\users\sam\documents\projects\programming\collision\spatial-division-collision-detection\particlecollision\debug\renderer.obj
d:\users\sam\documents\projects\programming\collision\spatial-division-collision-detection\particlecollision\debug\sdl_functions.obj
d:\users\sam\documents\projects\programming\collision\spatial-division-collision-detection\particlecollision\debug\sprite.obj
d:\users\sam\documents\projects\programming\collision\spatial-division-collision-detection\particlecollision\debug\text.obj
d:\users\sam\documents\projects\programming\collision\spatial-division-collision-detection\particlecollision\debug\texture.obj
d:\users\sam\documents\projects\programming\collision\spatial-division-collision-detection\particlecollision\debug\vector2.obj
d:\users\sam\documents\projects\programming\collision\spatial-division-collision-detection\particlecollision\debug\window.obj
d:\users\sam\documents\projects\programming\collision\spatial-division-collision-detection\particlecollision\debug\particle.b7eb5208.tlog\cl.command.1.tlog
d:\users\sam\documents\projects\programming\collision\spatial-division-collision-detection\particlecollision\debug\particle.b7eb5208.tlog\cl.read.1.tlog
d:\users\sam\documents\projects\programming\collision\spatial-division-collision-detection\particlecollision\debug\particle.b7eb5208.tlog\cl.write.1.tlog
