  Circle.cpp
Circle.cpp(19): warning C4244: 'argument': conversion from 'float' to 'int', possible loss of data
  CM_AABBTree.cpp
  CM_QuadTree.cpp
CM_QuadTree.cpp(18): warning C4573: the usage of 'CollisionManager::Collide' requires the compiler to capture 'this' but the current default capture mode does not allow it
  Collider.cpp
  CollisionManager.cpp
  CM_BruteForce.cpp
  Font.cpp
  Game.cpp
Game.cpp(34): warning C4244: 'argument': conversion from 'time_t' to 'unsigned int', possible loss of data
  Main.cpp
  Plane.cpp
Plane.cpp(20): warning C4244: 'argument': conversion from 'float' to 'int', possible loss of data
  Polygon.cpp
  Profiler.cpp
  Range.cpp
  Rect.cpp
Rect.cpp(86): warning C4838: conversion from 'float' to 'int' requires a narrowing conversion
Rect.cpp(84): warning C4244: 'initializing': conversion from 'float' to 'int', possible loss of data
Rect.cpp(85): warning C4244: 'initializing': conversion from 'float' to 'int', possible loss of data
  Renderer.cpp
  SDL_Functions.cpp
  Sprite.cpp
  Text.cpp
  Texture.cpp
  Timer.cpp
  Compiling...
  Vector2.cpp
  Window.cpp
  Generating code
  All 861 functions were compiled because no usable IPDB/IOBJ from previous compilation was found.
  Finished generating code
  ParticleCollision.vcxproj -> D:\Users\Sam\Documents\Projects\Programming\Collision\Spatial-Division-Collision-Detection\Release\ParticleCollision.exe
